WARNING: The requested image's platform (linux/amd64) does not match the detected host platform (linux/arm64/v8) and no specific platform was requested
[90m12:05PM[0m [32mINF[0m starting ABCI with Tendermint
[90m12:05PM[0m [32mINF[0m Upgrading IAVL storage for faster queries + execution on live state. This may take a while [36mcommit=[0m436F6D6D697449447B5B5D3A307D [36mis_lazy=[0mfalse [36mstore_key=[0m"KVStoreKey{0xc00058e9f0, transfer}" [36mversion=[0m0
[90m12:05PM[0m [32mINF[0m Upgrading IAVL storage for faster queries + execution on live state. This may take a while [36mcommit=[0m436F6D6D697449447B5B5D3A307D [36mis_lazy=[0mfalse [36mstore_key=[0m"KVStoreKey{0xc00058eab0, tokenfactory}" [36mversion=[0m0
[90m12:05PM[0m [32mINF[0m Upgrading IAVL storage for faster queries + execution on live state. This may take a while [36mcommit=[0m436F6D6D697449447B5B5D3A307D [36mis_lazy=[0mfalse [36mstore_key=[0m"KVStoreKey{0xc00058e960, mint}" [36mversion=[0m0
[90m12:05PM[0m [32mINF[0m Upgrading IAVL storage for faster queries + execution on live state. This may take a while [36mcommit=[0m436F6D6D697449447B5B5D3A307D [36mis_lazy=[0mfalse [36mstore_key=[0m"KVStoreKey{0xc00058e9c0, icahost}" [36mversion=[0m0
[90m12:05PM[0m [32mINF[0m Upgrading IAVL storage for faster queries + execution on live state. This may take a while [36mcommit=[0m436F6D6D697449447B5B5D3A307D [36mis_lazy=[0mfalse [36mstore_key=[0m"KVStoreKey{0xc00058ea80, superfluid}" [36mversion=[0m0
[90m12:05PM[0m [32mINF[0m Upgrading IAVL storage for faster queries + execution on live state. This may take a while [36mcommit=[0m436F6D6D697449447B5B5D3A307D [36mis_lazy=[0mfalse [36mstore_key=[0m"KVStoreKey{0xc00058e9b0, ibc}" [36mversion=[0m0
[90m12:05PM[0m [32mINF[0m Upgrading IAVL storage for faster queries + execution on live state. This may take a while [36mcommit=[0m436F6D6D697449447B5B5D3A307D [36mis_lazy=[0mfalse [36mstore_key=[0m"KVStoreKey{0xc00058e930, bank}" [36mversion=[0m0
[90m12:05PM[0m [32mINF[0m Upgrading IAVL storage for faster queries + execution on live state. This may take a while [36mcommit=[0m436F6D6D697449447B5B5D3A307D [36mis_lazy=[0mfalse [36mstore_key=[0m"KVStoreKey{0xc00058e990, gov}" [36mversion=[0m0
[90m12:05PM[0m [32mINF[0m Upgrading IAVL storage for faster queries + execution on live state. This may take a while [36mcommit=[0m436F6D6D697449447B5B5D3A307D [36mis_lazy=[0mfalse [36mstore_key=[0m"KVStoreKey{0xc00058ea50, poolincentives}" [36mversion=[0m0
[90m12:05PM[0m [32mINF[0m Upgrading IAVL storage for faster queries + execution on live state. This may take a while [36mcommit=[0m436F6D6D697449447B5B5D3A307D [36mis_lazy=[0mfalse [36mstore_key=[0m"KVStoreKey{0xc00058ea60, authz}" [36mversion=[0m0
[90m12:05PM[0m [32mINF[0m Upgrading IAVL storage for faster queries + execution on live state. This may take a while [36mcommit=[0m436F6D6D697449447B5B5D3A307D [36mis_lazy=[0mfalse [36mstore_key=[0m"KVStoreKey{0xc00058ea00, capability}" [36mversion=[0m0
[90m12:05PM[0m [32mINF[0m Upgrading IAVL storage for faster queries + execution on live state. This may take a while [36mcommit=[0m436F6D6D697449447B5B5D3A307D [36mis_lazy=[0mfalse [36mstore_key=[0m"KVStoreKey{0xc00058ea10, gamm}" [36mversion=[0m0
[90m12:05PM[0m [32mINF[0m Upgrading IAVL storage for faster queries + execution on live state. This may take a while [36mcommit=[0m436F6D6D697449447B5B5D3A307D [36mis_lazy=[0mfalse [36mstore_key=[0m"KVStoreKey{0xc00058e970, distribution}" [36mversion=[0m0
[90m12:05PM[0m [32mINF[0m Upgrading IAVL storage for faster queries + execution on live state. This may take a while [36mcommit=[0m436F6D6D697449447B5B5D3A307D [36mis_lazy=[0mfalse [36mstore_key=[0m"KVStoreKey{0xc00058e920, acc}" [36mversion=[0m0
[90m12:05PM[0m [32mINF[0m Upgrading IAVL storage for faster queries + execution on live state. This may take a while [36mcommit=[0m436F6D6D697449447B5B5D3A307D [36mis_lazy=[0mfalse [36mstore_key=[0m"KVStoreKey{0xc00058e9e0, evidence}" [36mversion=[0m0
[90m12:05PM[0m [32mINF[0m Upgrading IAVL storage for faster queries + execution on live state. This may take a while [36mcommit=[0m436F6D6D697449447B5B5D3A307D [36mis_lazy=[0mfalse [36mstore_key=[0m"KVStoreKey{0xc00058e940, staking}" [36mversion=[0m0
[90m12:05PM[0m [32mINF[0m Upgrading IAVL storage for faster queries + execution on live state. This may take a while [36mcommit=[0m436F6D6D697449447B5B5D3A307D [36mis_lazy=[0mfalse [36mstore_key=[0m"KVStoreKey{0xc00058ea40, epochs}" [36mversion=[0m0
[90m12:05PM[0m [32mINF[0m Upgrading IAVL storage for faster queries + execution on live state. This may take a while [36mcommit=[0m436F6D6D697449447B5B5D3A307D [36mis_lazy=[0mfalse [36mstore_key=[0m"KVStoreKey{0xc00058e9a0, params}" [36mversion=[0m0
[90m12:05PM[0m [32mINF[0m Upgrading IAVL storage for faster queries + execution on live state. This may take a while [36mcommit=[0m436F6D6D697449447B5B5D3A307D [36mis_lazy=[0mfalse [36mstore_key=[0m"KVStoreKey{0xc00058ea70, txfees}" [36mversion=[0m0
[90m12:05PM[0m [32mINF[0m Upgrading IAVL storage for faster queries + execution on live state. This may take a while [36mcommit=[0m436F6D6D697449447B5B5D3A307D [36mis_lazy=[0mfalse [36mstore_key=[0m"KVStoreKey{0xc00058ea30, incentives}" [36mversion=[0m0
[90m12:05PM[0m [32mINF[0m Upgrading IAVL storage for faster queries + execution on live state. This may take a while [36mcommit=[0m436F6D6D697449447B5B5D3A307D [36mis_lazy=[0mfalse [36mstore_key=[0m"KVStoreKey{0xc00058ea20, lockup}" [36mversion=[0m0
[90m12:05PM[0m [32mINF[0m Upgrading IAVL storage for faster queries + execution on live state. This may take a while [36mcommit=[0m436F6D6D697449447B5B5D3A307D [36mis_lazy=[0mfalse [36mstore_key=[0m"KVStoreKey{0xc00058eaa0, wasm}" [36mversion=[0m0
[90m12:05PM[0m [32mINF[0m Upgrading IAVL storage for faster queries + execution on live state. This may take a while [36mcommit=[0m436F6D6D697449447B5B5D3A307D [36mis_lazy=[0mfalse [36mstore_key=[0m"KVStoreKey{0xc00058e980, slashing}" [36mversion=[0m0
[90m12:05PM[0m [32mINF[0m Upgrading IAVL storage for faster queries + execution on live state. This may take a while [36mcommit=[0m436F6D6D697449447B5B5D3A307D [36mis_lazy=[0mfalse [36mstore_key=[0m"KVStoreKey{0xc00058e9d0, upgrade}" [36mversion=[0m0
[90m12:05PM[0m [32mINF[0m Upgrading IAVL storage for faster queries + execution on live state. This may take a while [36mcommit=[0m436F6D6D697449447B5B5D3A307D [36mis_lazy=[0mfalse [36mstore_key=[0m"KVStoreKey{0xc00058ea90, bech32ibc}" [36mversion=[0m0
[90m12:05PM[0m [32mINF[0m Starting multiAppConn service [36mimpl=[0mmultiAppConn [36mmodule=[0mproxy
[90m12:05PM[0m [32mINF[0m Starting localClient service [36mconnection=[0mquery [36mimpl=[0mlocalClient [36mmodule=[0mabci-client
[90m12:05PM[0m [32mINF[0m Starting localClient service [36mconnection=[0msnapshot [36mimpl=[0mlocalClient [36mmodule=[0mabci-client
[90m12:05PM[0m [32mINF[0m Starting localClient service [36mconnection=[0mmempool [36mimpl=[0mlocalClient [36mmodule=[0mabci-client
[90m12:05PM[0m [32mINF[0m Starting localClient service [36mconnection=[0mconsensus [36mimpl=[0mlocalClient [36mmodule=[0mabci-client
[90m12:05PM[0m [32mINF[0m Starting EventBus service [36mimpl=[0mEventBus [36mmodule=[0mevents
[90m12:05PM[0m [32mINF[0m Starting PubSub service [36mimpl=[0mPubSub [36mmodule=[0mpubsub
[90m12:05PM[0m [32mINF[0m Starting IndexerService service [36mimpl=[0mIndexerService [36mmodule=[0mtxindex
[90m12:05PM[0m [32mINF[0m ABCI Handshake App Info [36mhash=[0m [36mheight=[0m0 [36mmodule=[0mconsensus [36mprotocol-version=[0m0 [36msoftware-version=[0m9.0.0
[90m12:05PM[0m [32mINF[0m ABCI Replay Blocks [36mappHeight=[0m0 [36mmodule=[0mconsensus [36mstateHeight=[0m0 [36mstoreHeight=[0m0
[90m12:05PM[0m [32mINF[0m initializing blockchain state from genesis.json
[90m12:05PM[0m [32mINF[0m running initialization for module [36mmodule=[0mcapability
[90m12:05PM[0m [32mINF[0m running initialization for module [36mmodule=[0mauth
[90m12:05PM[0m [32mINF[0m running initialization for module [36mmodule=[0mbank
[90m12:05PM[0m [32mINF[0m running initialization for module [36mmodule=[0mdistribution
[90m12:05PM[0m [32mINF[0m running initialization for module [36mmodule=[0mstaking
[90m12:05PM[0m [32mINF[0m running initialization for module [36mmodule=[0mslashing
[90m12:05PM[0m [32mINF[0m running initialization for module [36mmodule=[0mgov
[90m12:05PM[0m [32mINF[0m running initialization for module [36mmodule=[0mmint
[90m12:05PM[0m [32mINF[0m minted coins from module account [36mamount=[0m225000000000000uosmo [36mfrom=[0mdeveloper_vesting_unvested [36mmodule=[0mx/bank
[90m12:05PM[0m [32mINF[0m running initialization for module [36mmodule=[0mcrisis
[90m12:05PM[0m [32mINF[0m asserting crisis invariants [36minv=[0m0/15 [36mmodule=[0mx/crisis [36mname=[0mgov/module-account
[90m12:05PM[0m [32mINF[0m asserting crisis invariants [36minv=[0m1/15 [36mmodule=[0mx/crisis [36mname=[0mstaking/module-accounts
[90m12:05PM[0m [32mINF[0m asserting crisis invariants [36minv=[0m2/15 [36mmodule=[0mx/crisis [36mname=[0mstaking/nonnegative-power
[90m12:05PM[0m [32mINF[0m asserting crisis invariants [36minv=[0m3/15 [36mmodule=[0mx/crisis [36mname=[0mstaking/positive-delegation
[90m12:05PM[0m [32mINF[0m asserting crisis invariants [36minv=[0m4/15 [36mmodule=[0mx/crisis [36mname=[0mstaking/delegator-shares
[90m12:05PM[0m [32mINF[0m asserting crisis invariants [36minv=[0m5/15 [36mmodule=[0mx/crisis [36mname=[0mdistribution/nonnegative-outstanding
[90m12:05PM[0m [32mINF[0m asserting crisis invariants [36minv=[0m6/15 [36mmodule=[0mx/crisis [36mname=[0mdistribution/can-withdraw
[90m12:05PM[0m [32mINF[0m asserting crisis invariants [36minv=[0m7/15 [36mmodule=[0mx/crisis [36mname=[0mdistribution/reference-count
[90m12:05PM[0m [32mINF[0m asserting crisis invariants [36minv=[0m8/15 [36mmodule=[0mx/crisis [36mname=[0mdistribution/module-account
[90m12:05PM[0m [32mINF[0m asserting crisis invariants [36minv=[0m9/15 [36mmodule=[0mx/crisis [36mname=[0msuperfluid/total-superfluid-delegation-invariant-name
[90m12:05PM[0m [32mINF[0m asserting crisis invariants [36minv=[0m10/15 [36mmodule=[0mx/crisis [36mname=[0mlockup/synthetic-lockup-invariant
[90m12:05PM[0m [32mINF[0m asserting crisis invariants [36minv=[0m11/15 [36mmodule=[0mx/crisis [36mname=[0mlockup/accumulation-store-invariant
[90m12:05PM[0m [32mINF[0m asserting crisis invariants [36minv=[0m12/15 [36mmodule=[0mx/crisis [36mname=[0mbank/nonnegative-outstanding
[90m12:05PM[0m [32mINF[0m asserting crisis invariants [36minv=[0m13/15 [36mmodule=[0mx/crisis [36mname=[0mbank/total-supply
[90m12:05PM[0m [32mINF[0m asserting crisis invariants [36minv=[0m14/15 [36mmodule=[0mx/crisis [36mname=[0mgamm/pool-account-balance-equals-expected
[90m12:05PM[0m [32mINF[0m asserted all invariants [36mduration=[0m10.709084 [36mheight=[0m0 [36mmodule=[0mx/crisis
[90m12:05PM[0m [32mINF[0m running initialization for module [36mmodule=[0mibc
[90m12:05PM[0m [32mINF[0m running initialization for module [36mmodule=[0mgamm
[90m12:05PM[0m [32mINF[0m running initialization for module [36mmodule=[0mtxfees
[90m12:05PM[0m [32mINF[0m running initialization for module [36mmodule=[0mgenutil
[90m12:05PM[0m [32mINF[0m running initialization for module [36mmodule=[0mevidence
[90m12:05PM[0m [32mINF[0m running initialization for module [36mmodule=[0mupgrade
[90m12:05PM[0m [32mINF[0m running initialization for module [36mmodule=[0mvesting
[90m12:05PM[0m [32mINF[0m running initialization for module [36mmodule=[0mtransfer
[90m12:05PM[0m [32mINF[0m created new capability [36mmodule=[0mibc [36mname=[0mports/transfer
[90m12:05PM[0m [32mINF[0m port binded [36mmodule=[0mx/ibc/port [36mport=[0mtransfer
[90m12:05PM[0m [32mINF[0m claimed capability [36mcapability=[0m1 [36mmodule=[0mtransfer [36mname=[0mports/transfer
[90m12:05PM[0m [32mINF[0m running initialization for module [36mmodule=[0mbech32ibc
[90m12:05PM[0m [32mINF[0m running initialization for module [36mmodule=[0mpoolincentives
[90m12:05PM[0m [32mINF[0m running initialization for module [36mmodule=[0msuperfluid
[90m12:05PM[0m [32mINF[0m running initialization for module [36mmodule=[0mtokenfactory
[90m12:05PM[0m [32mINF[0m running initialization for module [36mmodule=[0mincentives
[90m12:05PM[0m [32mINF[0m running initialization for module [36mmodule=[0mepochs
[90m12:05PM[0m [32mINF[0m running initialization for module [36mmodule=[0mlockup
[90m12:05PM[0m [32mINF[0m running initialization for module [36mmodule=[0mauthz
[90m12:05PM[0m [32mINF[0m running initialization for module [36mmodule=[0mwasm
[90m12:05PM[0m [32mINF[0m Done init genesis
[90m12:05PM[0m [32mINF[0m Completed ABCI Handshake - Tendermint and App are synced [36mappHash=[0m [36mappHeight=[0m0 [36mmodule=[0mconsensus
[90m12:05PM[0m [32mINF[0m Version info [36mblock=[0m11 [36mp2p=[0m8 [36mtendermint_version=[0m0.34.19
[90m12:05PM[0m [32mINF[0m This node is a validator [36maddr=[0m0303542D813398A9F452F249A60016FC1DC4A79F [36mmodule=[0mconsensus [36mpubKey=[0mSqQYMs5aVi4XUZP2Pet4YnhVQFWsWGpZZzewg1fLUjg=
[90m12:05PM[0m [32mINF[0m P2P Node ID [36mID=[0m8c3f5817e96cc2a75d729f89a8ddfe23883f6c34 [36mfile=[0m/root/.osmosisd/config/node_key.json [36mmodule=[0mp2p
[90m12:05PM[0m [32mINF[0m Adding persistent peers [36maddrs=[0m[] [36mmodule=[0mp2p
[90m12:05PM[0m [32mINF[0m Adding unconditional peer ids [36mids=[0m[] [36mmodule=[0mp2p
[90m12:05PM[0m [32mINF[0m Add our address to book [36maddr=[0m{"id":"8c3f5817e96cc2a75d729f89a8ddfe23883f6c34","ip":"0.0.0.0","port":26656} [36mbook=[0m/root/.osmosisd/config/addrbook.json [36mmodule=[0mp2p
[90m12:05PM[0m [32mINF[0m Starting Node service [36mimpl=[0mNode
[90m12:05PM[0m [32mINF[0m Starting pprof server [36mladdr=[0mlocalhost:6060
[90m12:05PM[0m [32mINF[0m Starting RPC HTTP server on [::]:26657 [36mmodule=[0mrpc-server
[90m12:05PM[0m [32mINF[0m Starting P2P Switch service [36mimpl=[0m"P2P Switch" [36mmodule=[0mp2p
[90m12:05PM[0m [32mINF[0m Starting Evidence service [36mimpl=[0mEvidence [36mmodule=[0mevidence
[90m12:05PM[0m [32mINF[0m Starting StateSync service [36mimpl=[0mStateSync [36mmodule=[0mstatesync
[90m12:05PM[0m [32mINF[0m Starting PEX service [36mimpl=[0mPEX [36mmodule=[0mpex
[90m12:05PM[0m [32mINF[0m Starting AddrBook service [36mbook=[0m/root/.osmosisd/config/addrbook.json [36mimpl=[0mAddrBook [36mmodule=[0mp2p
